0
213
425
637
849
1061
5060
5263
5466
5669
5872
6075
6888
12733
13929
14634
15006
15378
15947
16505
29391
30057
30255
30452
30650
30847
31150
31314
31479
31643
31808
31972
32790
33403
33569
33735
33900
34066
34232
34542
34721
34899
35078
35256
35435
35672
35855
36038
36221
36404
36587
36840
37064
37288
37512
37736
37916
38091
38266
38441
38616
38790
39066
39264
39462
39660
39858
40103
40212
40322
40431
40541
40650
40760
40869
40979
41088
41298
41477
41656
41834
42013
42192
42473
42701
42929
43157
43498
43625
43751
43878
44005
44131
44258
44384
44654
44811
44968
45125
45281
45438
45595
45795
45967
46139
46311
46483
46655
47100
47450
47800
48099
48323
48547
48770
48994
49193
49385
49576
49768
49959
50305
50483
50661
50838
51016
51194
51371
51488
51605
51722
51840
51957
52074
52191
52309
52608
52837
53066
53294
53710
53914
54118
54322
54526
54822
55013
55204
55395
55586
55976
56195
56414
56633
56851
57114
57344
57575
57805
58254
58499
58743
58988
59685
60235
61628
61660
61691
61722
61753
61784
61815
61846
61877
61908
61939
61971
62002
62033
62064
62095
62126
62157
62188
62219
62250
62282
62313
62344
62375
62406
62437
62468
62499
62530
62561
62592
62624
62655
62686
62717
62748
62845
62935
63026
63116
63207
63297
63387
63478
63568
63659
63749
63839
63979
64077
64176
64274
64373
64471
64569
64668
64766
64865
64963
65176
65345
65514
65683
65852
66022
66302
66471
66640
66809
66978
67148
67425
67592
67758
67925
68091
68258
68516
68648
68779
68911
69042
69174
69306
69437
69629
69747
69865
69983
70102
70220
70338
70456
70574
70765
70894
71023
71152
71281
71410
71539
71668
71908
72053
72199
72344
72490
72635
72780
73020
73152
73284
73415
73547
73679
73810
73942
74201
74387
74573
74759
74946
75132
75256
75372
75487
75603
75718
75834
75949
76065
76180
76378
76490
76602
76714
76826
76938
77049
77161
77273
77385
77531
77670
77809
77947
78086
78225
78364
78502
78615
78712
78809
78906
79003
79100
79197
79294
79391
79488
79585
79781
79917
80053
80189
80325
80461
80597
80733
80899
81027
81155
81283
81411
81539
81667
81795
81995
82094
82193
82291
82390
82489
82587
82686
82785
82883
82982
83124
83226
83328
83429
83531
83633
83734
83836
83938
84039
84141
84262
84376
84489
84603
84716
84830
84943
85057
85170
85369
85463
85557
85651
85745
85839
85933
86028
86122
86216
86310
86657
86914
87171
87428
87636
87746
87856
87966
88075
88185
88295
88405
88514
88624
88764
88875
88987
89098
89209
89321
89432
89543
89655
89766
90621
90957
91009
91061
91114
91166
91218
91270
91323
91375
91427
91479
91532
91584
91636
91689
91741
91793
91845
91898
91950
92002
92151
92272
92392
92513
92633
92754
92874
92995
93115
93268
93380
93492
93603
93715
93827
93939
94050
94162
94274
94396
94510
94624
94738
94852
94966
95080
95194
95308
95512
95615
95718
95821
95924
96027
96130
96233
96336
96439
96691
96848
97005
97162
97319
97475
97632
97766
97872
97978
98084
98189
98295
98401
98507
98612
98718
98901
99015
99129
99243
99357
99471
99585
99699
99813
100026
100140
100254
100367
100481
100595
100708
100822
100936
101188
101338
101488
101638
101788
101938
102088
102254
102343
102432
102521
102611
102700
102789
102878
102968
103057
103146
103235
103418
103545
103672
103799
103926
104053
104180
104307
104507
104597
104688
104778
104869
104959
105049
105140
105230
105321
105411
105502
105665
105788
105911
106034
106157
106279
106402
106525
106648
106849
107030
107210
107391
107571
107752
107892
107989
108086
108183
108280
108377
108474
108572
108669
108766
108863
109039
109157
109276
109394
109513
109631
109749
109868
109986
110225
110403
110582
110760
110939
111117
111288
111404
111520
111636
111752
111868
111984
112100
112216
112428
112557
112686
112816
112945
113074
113203
113333
113556
113688
113820
113951
114083
114215
114346
114478
114675
114800
114925
115049
115174
115299
115424
115548
115673
115872
116068
116264
116460
116656
116927
117052
117177
117302
117427
117552
117677
117802
117927
118030
118132
118234
118335
118437
118539
118640
118742
118844
118945
119047
119173
119291
119410
119528
119647
119765
119883
120002
120120
120367
120554
120741
120927
121114
121301
121411
121516
121620
121725
121829
121934
122038
122143
122248
122352
122540
122648
122756
122864
122972
123079
123187
123295
123403
123511
124688
124743
124797
124851
124905
124959
125013
125067
125122
125176
125230
125284
125338
125392
125446
125500
125555
125609
125663
125717
125771
125993
126171
126350
126528
126707
126885
127065
127190
127315
127440
127565
127690
127815
127940
128064
128177
128288
128399
128510
128621
128732
128843
128954
129065
129176
129491
129789
130088
131123
131949
132453
132932
133294
133656
133869
134041
134213
134386
134558
134730
135005
135188
135371
135554
135737
135920
136093
136238
136383
136527
136672
136817
136962
137220
137366
137511
137657
137802
137948
138093
138664
139127
139705
140084
140606
140760
140913
141067
141220
141374
141527
141815
142052
142288
142525
142931
143158
143385
143612
144063
144296
144529
144761
145188
145420
145652
145884
146311
146540
146769
146997
147728
148248
148477
148620
148763
148906
149048
149191
149334
149631
149801
149971
150141
150312
150482
150867
151147
151427
151708
152429
153134
153430
153726
154228
154491
154755
155018
