0
6
12
18
24
30
35
41
47
53
59
64
70
76
82
88
94
99
105
111
117
123
128
134
140
146
152
158
163
169
175
181
187
192
198
204
210
216
222
227
233
239
245
251
256
262
268
274
280
285
291
297
303
309
315
320
326
332
338
344
349
355
361
367
373
379
384
390
396
402
408
413
419
425
431
437
443
448
454
460
466
472
477
483
489
495
501
506
512
518
524
530
536
541
547
553
559
565
570
576
582
588
594
600
605
611
617
623
629
634
640
646
652
658
664
669
675
681
687
693
698
704
710
716
722
728
733
739
745
751
757
762
768
774
780
786
791
797
803
809
815
821
826
832
838
844
850
855
861
867
873
879
885
890
896
902
908
914
919
925
931
937
943
949
954
960
966
972
978
983
989
995
1001
1007
